<!DOCTYPE html>
<html>
  <head>
    <meta charset="utf-8"/>
    <title>empsearch.html</title>
    <link href="assets/style.css" rel="stylesheet" type="text/css"/></head>
  <body onLoad="init()">
    <script>/* This Source Code Form is subject to the terms of the Mozilla Public
 * License, v. 2.0. If a copy of the MPL was not distributed with this file,
 * You can obtain one at http://mozilla.org/MPL/2.0/. */


function toArray(iter) {
    if (iter === null) {
        return null;
    }
    return Array.prototype.slice.call(iter);
}

function find(selector, elem) { // eslint-disable-line no-redeclare
    if (!elem) {
        elem = document;
    }
    return elem.querySelector(selector);
}

function findAll(selector, elem) {
    if (!elem) {
        elem = document;
    }
    return toArray(elem.querySelectorAll(selector));
}

function sortColumn(elem) {
    toggleSortStates(elem);
    const colIndex = toArray(elem.parentNode.childNodes).indexOf(elem);
    let key;
    if (elem.classList.contains('result')) {
        key = keyResult;
    } else if (elem.classList.contains('links')) {
        key = keyLink;
    } else {
        key = keyAlpha;
    }
    sortTable(elem, key(colIndex));
}

function showAllExtras() { // eslint-disable-line no-unused-vars
    findAll('.col-result').forEach(showExtras);
}

function hideAllExtras() { // eslint-disable-line no-unused-vars
    findAll('.col-result').forEach(hideExtras);
}

function showExtras(colresultElem) {
    const extras = colresultElem.parentNode.nextElementSibling;
    const expandcollapse = colresultElem.firstElementChild;
    extras.classList.remove('collapsed');
    expandcollapse.classList.remove('expander');
    expandcollapse.classList.add('collapser');
}

function hideExtras(colresultElem) {
    const extras = colresultElem.parentNode.nextElementSibling;
    const expandcollapse = colresultElem.firstElementChild;
    extras.classList.add('collapsed');
    expandcollapse.classList.remove('collapser');
    expandcollapse.classList.add('expander');
}

function showFilters() {
    let visibleString = getQueryParameter('visible') || 'all';
    visibleString = visibleString.toLowerCase();
    const checkedItems = visibleString.split(',');

    const filterItems = document.getElementsByClassName('filter');
    for (let i = 0; i < filterItems.length; i++) {
        filterItems[i].hidden = false;

        if (visibleString != 'all') {
            filterItems[i].checked = checkedItems.includes(filterItems[i].getAttribute('data-test-result'));
            filterTable(filterItems[i]);
        }
    }
}

function addCollapse() {
    // Add links for show/hide all
    const resulttable = find('table#results-table');
    const showhideall = document.createElement('p');
    showhideall.innerHTML = '<a href="javascript:showAllExtras()">Show all details</a> / ' +
                            '<a href="javascript:hideAllExtras()">Hide all details</a>';
    resulttable.parentElement.insertBefore(showhideall, resulttable);

    // Add show/hide link to each result
    findAll('.col-result').forEach(function(elem) {
        const collapsed = getQueryParameter('collapsed') || 'Passed';
        const extras = elem.parentNode.nextElementSibling;
        const expandcollapse = document.createElement('span');
        if (extras.classList.contains('collapsed')) {
            expandcollapse.classList.add('expander');
        } else if (collapsed.includes(elem.innerHTML)) {
            extras.classList.add('collapsed');
            expandcollapse.classList.add('expander');
        } else {
            expandcollapse.classList.add('collapser');
        }
        elem.appendChild(expandcollapse);

        elem.addEventListener('click', function(event) {
            if (event.currentTarget.parentNode.nextElementSibling.classList.contains('collapsed')) {
                showExtras(event.currentTarget);
            } else {
                hideExtras(event.currentTarget);
            }
        });
    });
}

function getQueryParameter(name) {
    const match = RegExp('[?&]' + name + '=([^&]*)').exec(window.location.search);
    return match && decodeURIComponent(match[1].replace(/\+/g, ' '));
}

function init () { // eslint-disable-line no-unused-vars
    resetSortHeaders();

    addCollapse();

    showFilters();

    sortColumn(find('.initial-sort'));

    findAll('.sortable').forEach(function(elem) {
        elem.addEventListener('click',
            function() {
                sortColumn(elem);
            }, false);
    });
}

function sortTable(clicked, keyFunc) {
    const rows = findAll('.results-table-row');
    const reversed = !clicked.classList.contains('asc');
    const sortedRows = sort(rows, keyFunc, reversed);
    /* Whole table is removed here because browsers acts much slower
     * when appending existing elements.
     */
    const thead = document.getElementById('results-table-head');
    document.getElementById('results-table').remove();
    const parent = document.createElement('table');
    parent.id = 'results-table';
    parent.appendChild(thead);
    sortedRows.forEach(function(elem) {
        parent.appendChild(elem);
    });
    document.getElementsByTagName('BODY')[0].appendChild(parent);
}

function sort(items, keyFunc, reversed) {
    const sortArray = items.map(function(item, i) {
        return [keyFunc(item), i];
    });

    sortArray.sort(function(a, b) {
        const keyA = a[0];
        const keyB = b[0];

        if (keyA == keyB) return 0;

        if (reversed) {
            return keyA < keyB ? 1 : -1;
        } else {
            return keyA > keyB ? 1 : -1;
        }
    });

    return sortArray.map(function(item) {
        const index = item[1];
        return items[index];
    });
}

function keyAlpha(colIndex) {
    return function(elem) {
        return elem.childNodes[1].childNodes[colIndex].firstChild.data.toLowerCase();
    };
}

function keyLink(colIndex) {
    return function(elem) {
        const dataCell = elem.childNodes[1].childNodes[colIndex].firstChild;
        return dataCell == null ? '' : dataCell.innerText.toLowerCase();
    };
}

function keyResult(colIndex) {
    return function(elem) {
        const strings = ['Error', 'Failed', 'Rerun', 'XFailed', 'XPassed',
            'Skipped', 'Passed'];
        return strings.indexOf(elem.childNodes[1].childNodes[colIndex].firstChild.data);
    };
}

function resetSortHeaders() {
    findAll('.sort-icon').forEach(function(elem) {
        elem.parentNode.removeChild(elem);
    });
    findAll('.sortable').forEach(function(elem) {
        const icon = document.createElement('div');
        icon.className = 'sort-icon';
        icon.textContent = 'vvv';
        elem.insertBefore(icon, elem.firstChild);
        elem.classList.remove('desc', 'active');
        elem.classList.add('asc', 'inactive');
    });
}

function toggleSortStates(elem) {
    //if active, toggle between asc and desc
    if (elem.classList.contains('active')) {
        elem.classList.toggle('asc');
        elem.classList.toggle('desc');
    }

    //if inactive, reset all other functions and add ascending active
    if (elem.classList.contains('inactive')) {
        resetSortHeaders();
        elem.classList.remove('inactive');
        elem.classList.add('active');
    }
}

function isAllRowsHidden(value) {
    return value.hidden == false;
}

function filterTable(elem) { // eslint-disable-line no-unused-vars
    const outcomeAtt = 'data-test-result';
    const outcome = elem.getAttribute(outcomeAtt);
    const classOutcome = outcome + ' results-table-row';
    const outcomeRows = document.getElementsByClassName(classOutcome);

    for(let i = 0; i < outcomeRows.length; i++){
        outcomeRows[i].hidden = !elem.checked;
    }

    const rows = findAll('.results-table-row').filter(isAllRowsHidden);
    const allRowsHidden = rows.length == 0 ? true : false;
    const notFoundMessage = document.getElementById('not-found-message');
    notFoundMessage.hidden = !allRowsHidden;
}
</script>
    <h1>empsearch.html</h1>
    <p>Report generated on 17-Jun-2023 at 20:08:29 by <a href="https://pypi.python.org/pypi/pytest-html">pytest-html</a> v3.2.0</p>
    <h2>Summary</h2>
    <p>8 tests ran in 66.36 seconds. </p>
    <p class="filter" hidden="true">(Un)check the boxes to filter the results.</p><input checked="true" class="filter" data-test-result="passed" hidden="true" name="filter_checkbox" onChange="filterTable(this)" type="checkbox"/><span class="passed">6 passed</span>, <input checked="true" class="filter" data-test-result="skipped" disabled="true" hidden="true" name="filter_checkbox" onChange="filterTable(this)" type="checkbox"/><span class="skipped">0 skipped</span>, <input checked="true" class="filter" data-test-result="failed" hidden="true" name="filter_checkbox" onChange="filterTable(this)" type="checkbox"/><span class="failed">2 failed</span>, <input checked="true" class="filter" data-test-result="error" disabled="true" hidden="true" name="filter_checkbox" onChange="filterTable(this)" type="checkbox"/><span class="error">0 errors</span>, <input checked="true" class="filter" data-test-result="xfailed" disabled="true" hidden="true" name="filter_checkbox" onChange="filterTable(this)" type="checkbox"/><span class="xfailed">0 expected failures</span>, <input checked="true" class="filter" data-test-result="xpassed" disabled="true" hidden="true" name="filter_checkbox" onChange="filterTable(this)" type="checkbox"/><span class="xpassed">0 unexpected passes</span>
    <h2>Results</h2>
    <table id="results-table">
      <thead id="results-table-head">
        <tr>
          <th class="sortable result initial-sort" col="result">Result</th>
          <th class="sortable" col="name">Test</th>
          <th class="sortable" col="duration">Duration</th>
          <th class="sortable links" col="links">Links</th></tr>
        <tr hidden="true" id="not-found-message">
          <th colspan="4">No results found. Try to check the filters</th></tr></thead>
      <tbody class="failed results-table-row">
        <tr>
          <td class="col-result">Failed</td>
          <td class="col-name">test cases/test_login.py::Test_login::test_login_02</td>
          <td class="col-duration">28.27</td>
          <td class="col-links"></td></tr>
        <tr>
          <td class="extra" colspan="4">
            <div class="log">[gw1] win32 -- Python 3.11.3 C:\Users\Dell\AppData\Local\Programs\Python\Python311\python.exe<br/>[gw1] win32 -- Python 3.11.3 C:\Users\Dell\AppData\Local\Programs\Python\Python311\python.exe[gw1] win32 -- Python 3.11.3 C:\Users\Dell\AppData\Local\Programs\Python\Python311\python.exe<br/><br/>self = &lt;test_login.Test_login object at 0x000002BD586261D0&gt;, setup = &lt;selenium.webdriver.firefox.webdriver.WebDriver (session=&quot;975ad017-1cba-4abf-8cc3-854376de8ce5&quot;)&gt;<br/><br/>    def test_login_02(self, setup):<br/>        self.driver = setup<br/>        self.log.info(&quot;test_login_02 is started&quot;)<br/>        self.log.info(&quot;Opening browser&quot;)<br/>        self.log.info(&quot;Go to this url--&gt;&quot; + self.Url)<br/>        # driver = webdriver.Firefox()<br/>        # driver.implicitly_wait(5)<br/>        # driver.get(&quot;https://opensource-demo.orangehrmlive.com/&quot;)<br/>        self.lp = loginpage(self.driver)<br/>    <br/>        self.lp.Enter_username(self.Username)<br/>        self.log.info(&quot;Entering username--&gt;&quot; + self.Username)<br/>        # self.driver.find_element(By.XPATH, &quot;//input[@placeholder=&#x27;Username&#x27;]&quot;).send_keys(&quot;Admin&quot;)<br/>    <br/>        self.lp.Enter_Password(self.Password)<br/>        self.log.info(&quot;Entering Password--&gt;&quot; + self.Password)<br/>        # self.driver.find_element(By.XPATH, &quot;//input[@placeholder=&#x27;Password&#x27;]&quot;).send_keys(&quot;admin123&quot;)<br/>    <br/>        self.lp.Click_login()<br/>        self.log.info(&quot;Click on login button&quot;)<br/>        # self.driver.find_element(By.XPATH, &quot;//button[normalize-space()=&#x27;Login&#x27;]&quot;).click()<br/>    <br/>        # try:<br/>        #     self.driver.find_element(By.XPATH, &quot;//p[@class=&#x27;oxd-userdropdown-name&#x27;]&quot;)<br/>        #     # this Xpath of menu button, if this find means log in successful.<br/>        #     # when we enter incorrect credentials, this element is not found and assertion error shown.<br/>        #     print(&quot;test_Login_01 is pass&quot;)  # if a case is pass then logout perform.<br/>        #     self.driver.find_element(By.XPATH, &quot;//p[@class=&#x27;oxd-userdropdown-name&#x27;]&quot;).click()<br/>        #     self.driver.find_element(By.XPATH, &quot;//a[normalize-space()=&#x27;Logout&#x27;]&quot;).click()<br/>        #     login = True<br/>        #     # assert True<br/>        #     print(login)<br/>        # except:<br/>        #     print(&quot;test_Login_01 is Failed&quot;)<br/>        #     login = False<br/>        #     print(login)<br/>        #     # assert False<br/>        # if login == True:<br/>        #     assert True<br/>        # else:<br/>        #     assert False<br/>    <br/>        if self.lp.Login_status() == True:<br/>            time.sleep(2)<br/>            self.driver.save_screenshot(&quot;D:\\Ruturaj\\OrangeHRM\\Screenshots\\HRMlogin.png&quot;)<br/>            self.lp.Click_menu()<br/>            self.log.info(&quot;click on Menu button&quot;)<br/>            self.lp.Click_Logout()<br/>            self.log.info(&quot;click on Logout button&quot;)<br/>            self.log.info(&quot;test_login_02 is Passed&quot;)<br/>            assert True<br/>        else:<br/>            self.log.info(&quot;test_login_02 is Failed&quot;)<br/>            self.driver.save_screenshot(&quot;D:\\Ruturaj\\OrangeHRM\\Screenshots\\HRMlogin.png&quot;)<br/>    <br/>&gt;           assert False<br/><span class="error">E           assert False</span><br/><br/>test cases\test_login.py:105: AssertionError[gw1] win32 -- Python 3.11.3 C:\Users\Dell\AppData\Local\Programs\Python\Python311\python.exe<br/> -------------------------------Captured log setup------------------------------- <br/>INFO     selenium.webdriver.common.selenium_manager:selenium_manager.py:73 Applicable driver not found; attempting to install with Selenium Manager (Beta)<br/> -------------------------------Captured log call-------------------------------- <br/>INFO     root:test_login.py:52 test_login_02 is started
INFO     root:test_login.py:53 Opening browser
INFO     root:test_login.py:54 Go to this url--&gt;https://opensource-demo.orangehrmlive.com/
INFO     root:test_login.py:61 Entering username--&gt;Admin
INFO     root:test_login.py:65 Entering Password--&gt;admin123
INFO     root:test_login.py:69 Click on login button
INFO     root:test_login.py:102 test_login_02 is Failed<br/></div></td></tr></tbody>
      <tbody class="failed results-table-row">
        <tr>
          <td class="col-result">Failed</td>
          <td class="col-name">test cases/test_login_parameters.py::Test_login_Parameters::test_login_param_04[getDataforLogin0]</td>
          <td class="col-duration">29.89</td>
          <td class="col-links"></td></tr>
        <tr>
          <td class="extra" colspan="4">
            <div class="log">[gw2] win32 -- Python 3.11.3 C:\Users\Dell\AppData\Local\Programs\Python\Python311\python.exe<br/>[gw2] win32 -- Python 3.11.3 C:\Users\Dell\AppData\Local\Programs\Python\Python311\python.exe[gw2] win32 -- Python 3.11.3 C:\Users\Dell\AppData\Local\Programs\Python\Python311\python.exe<br/><br/>self = &lt;test_login_parameters.Test_login_Parameters object at 0x0000018493F130D0&gt;<br/>setup = &lt;selenium.webdriver.firefox.webdriver.WebDriver (session=&quot;4df9a99e-a848-49ca-b008-20a6dddb452e&quot;)&gt;, getDataforLogin = (&#x27;Admin&#x27;, &#x27;admin123&#x27;, &#x27;Pass&#x27;)<br/><br/>    def test_login_param_04(self, setup, getDataforLogin):<br/>        self.driver = setup<br/>        self.log.info(&quot;test_login_param_04 is started&quot;)<br/>        self.log.info(&quot;Opening browser&quot;)<br/>        self.log.info(&quot;Go to this url--&gt;&quot; + self.Url)<br/>        self.lp = loginpage(self.driver)<br/>        self.lp.Enter_username(getDataforLogin[0])<br/>        self.log.info(&quot;Entering username--&gt;&quot; + getDataforLogin[0])<br/>        self.lp.Enter_Password(getDataforLogin[1])<br/>        self.log.info(&quot;Entering Password--&gt;&quot; + getDataforLogin[1])<br/>        self.lp.Click_login()<br/>        self.log.info(&quot;Click on login button&quot;)<br/>    <br/>        if self.lp.Login_status() == True:<br/>            if getDataforLogin[2] == &quot;Pass&quot;:<br/>                time.sleep(2)<br/>                self.driver.save_screenshot(&quot;D:\\Ruturaj\\OrangeHRM\\Screenshots\\HRMlogin.png&quot;)<br/>                self.lp.Click_menu()<br/>                self.log.info(&quot;click on Menu button&quot;)<br/>                self.lp.Click_Logout()<br/>                self.log.info(&quot;click on Logout button&quot;)<br/>                self.log.info(&quot;test_login_param_04 is Passed&quot;)<br/>                assert True<br/>            else:<br/>                self.log.info(&quot;test_login_param_04 is Failed&quot;)<br/>                self.driver.save_screenshot(&quot;D:\\Ruturaj\\OrangeHRM\\Screenshots\\HRMlogin.png&quot;)<br/>                assert False<br/>    <br/>        else:<br/>            if getDataforLogin[2] == &quot;Fail&quot;:<br/>                assert True<br/>            else:<br/>                self.log.info(&quot;test_login_param_04 is Failed&quot;)<br/>                self.driver.save_screenshot(&quot;D:\\Ruturaj\\OrangeHRM\\Screenshots\\HRMlogin.png&quot;)<br/>&gt;               assert False<br/><span class="error">E               assert False</span><br/><br/>test cases\test_login_parameters.py:58: AssertionError[gw2] win32 -- Python 3.11.3 C:\Users\Dell\AppData\Local\Programs\Python\Python311\python.exe<br/> -------------------------------Captured log setup------------------------------- <br/>INFO     selenium.webdriver.common.selenium_manager:selenium_manager.py:73 Applicable driver not found; attempting to install with Selenium Manager (Beta)<br/> -------------------------------Captured log call-------------------------------- <br/>INFO     root:test_login_parameters.py:26 test_login_param_04 is started
INFO     root:test_login_parameters.py:27 Opening browser
INFO     root:test_login_parameters.py:28 Go to this url--&gt;https://opensource-demo.orangehrmlive.com/
INFO     root:test_login_parameters.py:31 Entering username--&gt;Admin
INFO     root:test_login_parameters.py:33 Entering Password--&gt;admin123
INFO     root:test_login_parameters.py:35 Click on login button
INFO     root:test_login_parameters.py:56 test_login_param_04 is Failed<br/></div></td></tr></tbody>
      <tbody class="passed results-table-row">
        <tr>
          <td class="col-result">Passed</td>
          <td class="col-name">test cases/test_empsearch.py::Test_Search_Emp::test_search_emp_05</td>
          <td class="col-duration">42.75</td>
          <td class="col-links"></td></tr>
        <tr>
          <td class="extra" colspan="4">
            <div class="log">[gw0] win32 -- Python 3.11.3 C:\Users\Dell\AppData\Local\Programs\Python\Python311\python.exe<br/>[gw0] win32 -- Python 3.11.3 C:\Users\Dell\AppData\Local\Programs\Python\Python311\python.exe[gw0] win32 -- Python 3.11.3 C:\Users\Dell\AppData\Local\Programs\Python\Python311\python.exe[gw0] win32 -- Python 3.11.3 C:\Users\Dell\AppData\Local\Programs\Python\Python311\python.exe<br/> -------------------------------Captured log setup------------------------------- <br/>INFO     selenium.webdriver.common.selenium_manager:selenium_manager.py:73 Applicable driver not found; attempting to install with Selenium Manager (Beta)<br/> ------------------------------Captured stdout call------------------------------ <br/>David
True
David
<br/> -------------------------------Captured log call-------------------------------- <br/>INFO     root:test_empsearch.py:24 test_search_emp_05 is started
INFO     root:test_empsearch.py:26 Opening browser
INFO     root:test_empsearch.py:27 Go to this url--&gt;https://opensource-demo.orangehrmlive.com/
INFO     root:test_empsearch.py:30 Entering username--&gt;Admin
INFO     root:test_empsearch.py:32 Entering Password--&gt;admin123
INFO     root:test_empsearch.py:34 Click on login button
INFO     root:test_empsearch.py:38 Click on PIM button
INFO     root:test_empsearch.py:42 Entering Emp Name
INFO     root:test_empsearch.py:46 Click on Search button
INFO     root:test_empsearch.py:49 Search Found
INFO     root:test_empsearch.py:50 test_search_emp_05 is Passed
INFO     root:test_empsearch.py:52 click on Menu button
INFO     root:test_empsearch.py:54 click on Logout button
INFO     root:test_empsearch.py:56 test_search_emp_05 is Passed<br/></div></td></tr></tbody>
      <tbody class="passed results-table-row">
        <tr>
          <td class="col-result">Passed</td>
          <td class="col-name">test cases/test_login_parameters.py::Test_login_Parameters::test_login_param_04[getDataforLogin2]</td>
          <td class="col-duration">29.23</td>
          <td class="col-links"></td></tr>
        <tr>
          <td class="extra" colspan="4">
            <div class="log">[gw3] win32 -- Python 3.11.3 C:\Users\Dell\AppData\Local\Programs\Python\Python311\python.exe<br/>[gw3] win32 -- Python 3.11.3 C:\Users\Dell\AppData\Local\Programs\Python\Python311\python.exe[gw3] win32 -- Python 3.11.3 C:\Users\Dell\AppData\Local\Programs\Python\Python311\python.exe[gw3] win32 -- Python 3.11.3 C:\Users\Dell\AppData\Local\Programs\Python\Python311\python.exe<br/> -------------------------------Captured log setup------------------------------- <br/>INFO     selenium.webdriver.common.selenium_manager:selenium_manager.py:73 Applicable driver not found; attempting to install with Selenium Manager (Beta)<br/> -------------------------------Captured log call-------------------------------- <br/>INFO     root:test_login_parameters.py:26 test_login_param_04 is started
INFO     root:test_login_parameters.py:27 Opening browser
INFO     root:test_login_parameters.py:28 Go to this url--&gt;https://opensource-demo.orangehrmlive.com/
INFO     root:test_login_parameters.py:31 Entering username--&gt;Admin
INFO     root:test_login_parameters.py:33 Entering Password--&gt;admin1234
INFO     root:test_login_parameters.py:35 Click on login button
INFO     root:test_login_parameters.py:61 test_login_param_04 is Completed<br/></div></td></tr></tbody>
      <tbody class="passed results-table-row">
        <tr>
          <td class="col-result">Passed</td>
          <td class="col-name">test cases/test_login.py::Test_login::test_add_emp_03</td>
          <td class="col-duration">32.21</td>
          <td class="col-links"></td></tr>
        <tr>
          <td class="extra" colspan="4">
            <div class="log">[gw1] win32 -- Python 3.11.3 C:\Users\Dell\AppData\Local\Programs\Python\Python311\python.exe<br/>[gw1] win32 -- Python 3.11.3 C:\Users\Dell\AppData\Local\Programs\Python\Python311\python.exe[gw1] win32 -- Python 3.11.3 C:\Users\Dell\AppData\Local\Programs\Python\Python311\python.exe[gw1] win32 -- Python 3.11.3 C:\Users\Dell\AppData\Local\Programs\Python\Python311\python.exe<br/> -------------------------------Captured log setup------------------------------- <br/>INFO     selenium.webdriver.common.selenium_manager:selenium_manager.py:73 Applicable driver not found; attempting to install with Selenium Manager (Beta)<br/> ------------------------------Captured stdout call------------------------------ <br/>&lt;selenium.webdriver.remote.webelement.WebElement (session=&quot;91c8ee6a-52c0-4f22-8139-ad60e14f77c2&quot;, element=&quot;8744d269-de53-4007-8277-16fdc773cddf&quot;)&gt;
<br/> -------------------------------Captured log call-------------------------------- <br/>INFO     root:test_login.py:114 test_add_emp_03 is started
INFO     root:test_login.py:115 Opening browser
INFO     root:test_login.py:116 Go to this url--&gt;https://opensource-demo.orangehrmlive.com/
INFO     root:test_login.py:119 Entering username--&gt;Admin
INFO     root:test_login.py:121 Entering Password--&gt;admin123
INFO     root:test_login.py:123 Click on login button
INFO     root:test_login.py:127 Click on PIM button
INFO     root:test_login.py:129 Click on Add button
INFO     root:test_login.py:131 Entering Firstname
INFO     root:test_login.py:133 Entering Middlename
INFO     root:test_login.py:135 Entering Lastname
INFO     root:test_login.py:138 Click on save button
INFO     root:test_login.py:143 Click on Menu button
INFO     root:test_login.py:145 Click on Logout button
INFO     root:test_login.py:146 test_add_emp_03 is Passed
INFO     root:test_login.py:153 test_add_emp_03 is completed<br/></div></td></tr></tbody>
      <tbody class="passed results-table-row">
        <tr>
          <td class="col-result">Passed</td>
          <td class="col-name">test cases/test_login_parameters.py::Test_login_Parameters::test_login_param_04[getDataforLogin1]</td>
          <td class="col-duration">26.95</td>
          <td class="col-links"></td></tr>
        <tr>
          <td class="extra" colspan="4">
            <div class="log">[gw2] win32 -- Python 3.11.3 C:\Users\Dell\AppData\Local\Programs\Python\Python311\python.exe<br/>[gw2] win32 -- Python 3.11.3 C:\Users\Dell\AppData\Local\Programs\Python\Python311\python.exe[gw2] win32 -- Python 3.11.3 C:\Users\Dell\AppData\Local\Programs\Python\Python311\python.exe[gw2] win32 -- Python 3.11.3 C:\Users\Dell\AppData\Local\Programs\Python\Python311\python.exe<br/> -------------------------------Captured log setup------------------------------- <br/>INFO     selenium.webdriver.common.selenium_manager:selenium_manager.py:73 Applicable driver not found; attempting to install with Selenium Manager (Beta)<br/> -------------------------------Captured log call-------------------------------- <br/>INFO     root:test_login_parameters.py:26 test_login_param_04 is started
INFO     root:test_login_parameters.py:27 Opening browser
INFO     root:test_login_parameters.py:28 Go to this url--&gt;https://opensource-demo.orangehrmlive.com/
INFO     root:test_login_parameters.py:31 Entering username--&gt;Admin1
INFO     root:test_login_parameters.py:33 Entering Password--&gt;admin123
INFO     root:test_login_parameters.py:35 Click on login button
INFO     root:test_login_parameters.py:61 test_login_param_04 is Completed<br/></div></td></tr></tbody>
      <tbody class="passed results-table-row">
        <tr>
          <td class="col-result">Passed</td>
          <td class="col-name">test cases/test_login_parameters.py::Test_login_Parameters::test_login_param_04[getDataforLogin3]</td>
          <td class="col-duration">30.88</td>
          <td class="col-links"></td></tr>
        <tr>
          <td class="extra" colspan="4">
            <div class="log">[gw3] win32 -- Python 3.11.3 C:\Users\Dell\AppData\Local\Programs\Python\Python311\python.exe<br/>[gw3] win32 -- Python 3.11.3 C:\Users\Dell\AppData\Local\Programs\Python\Python311\python.exe[gw3] win32 -- Python 3.11.3 C:\Users\Dell\AppData\Local\Programs\Python\Python311\python.exe[gw3] win32 -- Python 3.11.3 C:\Users\Dell\AppData\Local\Programs\Python\Python311\python.exe<br/> -------------------------------Captured log setup------------------------------- <br/>INFO     selenium.webdriver.common.selenium_manager:selenium_manager.py:73 Applicable driver not found; attempting to install with Selenium Manager (Beta)<br/> -------------------------------Captured log call-------------------------------- <br/>INFO     root:test_login_parameters.py:26 test_login_param_04 is started
INFO     root:test_login_parameters.py:27 Opening browser
INFO     root:test_login_parameters.py:28 Go to this url--&gt;https://opensource-demo.orangehrmlive.com/
INFO     root:test_login_parameters.py:31 Entering username--&gt;Admin1
INFO     root:test_login_parameters.py:33 Entering Password--&gt;admin1231
INFO     root:test_login_parameters.py:35 Click on login button
INFO     root:test_login_parameters.py:61 test_login_param_04 is Completed<br/></div></td></tr></tbody>
      <tbody class="passed results-table-row">
        <tr>
          <td class="col-result">Passed</td>
          <td class="col-name">test cases/test_login.py::Test_login::test_page_title_01</td>
          <td class="col-duration">18.20</td>
          <td class="col-links"></td></tr>
        <tr>
          <td class="extra" colspan="4">
            <div class="log">[gw0] win32 -- Python 3.11.3 C:\Users\Dell\AppData\Local\Programs\Python\Python311\python.exe<br/>[gw0] win32 -- Python 3.11.3 C:\Users\Dell\AppData\Local\Programs\Python\Python311\python.exe[gw0] win32 -- Python 3.11.3 C:\Users\Dell\AppData\Local\Programs\Python\Python311\python.exe[gw0] win32 -- Python 3.11.3 C:\Users\Dell\AppData\Local\Programs\Python\Python311\python.exe<br/> -------------------------------Captured log setup------------------------------- <br/>INFO     selenium.webdriver.common.selenium_manager:selenium_manager.py:73 Applicable driver not found; attempting to install with Selenium Manager (Beta)<br/> -------------------------------Captured log call-------------------------------- <br/>INFO     root:test_login.py:24 test_page_title_01 is started
INFO     root:test_login.py:25 Opening browser
INFO     root:test_login.py:26 Go to this url--&gt;https://opensource-demo.orangehrmlive.com/
INFO     root:test_login.py:34 test_page_title_01 is Passed
INFO     root:test_login.py:35 Page title isOrangeHRM
INFO     root:test_login.py:41 test_page_title_01 is Completed<br/></div></td></tr></tbody></table></body></html>